2024-01-16, 11:57:36 Felix Finish Set Up
2024-01-16, 12:00:16 Felix Create Fee Proposal Revision 1
2024-01-16, 12:01:35 Felix Update Asana
2024-01-16, 12:02:34 felix@pcen.com.au Sent an email to Client
2024-01-16, 13:14:06 Felix Create Fee Proposal Revision 2
2024-01-16, 13:15:27 Felix Update Asana
2024-01-16, 13:15:27 felix@pcen.com.au Sent an email to Client
2024-01-16, 19:43:08 Felix Create Fee Proposal Revision 3
2024-01-16, 19:43:44 Felix Update Asana
2024-01-16, 19:44:16 felix@pcen.com.au Sent an email to Client
2024-01-16, 19:44:44 Felix Update Asana
2024-01-16, 19:45:35 Felix Generate Invoice 401003
2024-01-16, 19:46:59 Felix Update Asana
2024-01-17, 10:00:00 Felix Update Asana
2024-01-17, 18:10:10 Admin Generate Invoice 401001
2024-01-17, 18:10:32 Admin Create Fee Proposal Revision 3
2024-01-18, 11:41:22 Admin Create Fee Proposal Revision 3
2024-01-18, 11:41:57 Admin Create Fee Proposal Revision 3
2024-01-18, 11:42:59 Admin Create Fee Proposal Revision 4
2024-01-18, 18:39:57 Admin Generate Invoice 401004
