2024-01-16, 14:09:07 felix@pcen.com.au Create project from email
2024-01-22, 15:29:48 Felix Finish Set Up
2024-01-22, 15:29:56 Felix Create Fee Proposal Revision 1
2024-01-22, 15:30:38 Felix Create Fee Proposal Revision 1
2024-01-22, 15:33:53 Felix Update Asana
2024-01-22, 15:34:36 felix@pcen.com.au Sent an email to Client
2024-01-22, 15:53:14 Felix Create Fee Proposal Revision 1
2024-01-22, 16:04:33 Admin Create Fee Proposal Revision 1
2024-01-22, 16:05:45 Admin Create Fee Proposal Revision 1
2024-01-22, 16:06:39 Admin Create Fee Proposal Revision 1
2024-01-22, 16:07:10 Admin Create Fee Proposal Revision 1
2024-01-22, 16:07:44 Admin Create Fee Proposal Revision 1
2024-01-22, 16:09:31 Felix Create Fee Proposal Revision 1
2024-01-22, 16:10:46 Felix Create Fee Proposal Revision 1
2024-01-22, 16:11:52 Felix Update Asana
2024-01-22, 16:12:01 felix@pcen.com.au Sent an email to Client
2024-01-22, 16:12:07 felix@pcen.com.au Sent an email to Client
2024-01-23, 15:15:13 Felix Create Fee Proposal Revision 2
2024-01-29, 15:41:08 Felix Quote Unsuccessful
2024-01-29, 15:41:19 Felix Update Asana
