2023-12-14, 02:34:02 Admin Finish Set Up
2023-12-14, 02:34:22 Admin Update Asana
2023-12-14, 02:41:54 Admin Update Asana
2023-12-15, 18:50:02 Admin Update Asana
2023-12-15, 18:51:20 Admin Update Asana
2023-12-15, 18:51:27 Admin Update Asana
2023-12-15, 18:56:45 Admin Update Asana
2024-01-17, 19:08:33 Admin Create Fee Proposal Revision 1
2024-01-17, 19:09:41 Admin Create Fee Proposal Revision 1
2024-01-17, 19:13:10 Felix Create Fee Proposal Revision 1
2024-01-18, 10:45:18 Admin Create Fee Proposal Revision 2
2024-01-18, 15:12:36 Felix Create Fee Proposal Revision 2
2024-01-18, 15:13:24 Felix Create Fee Proposal Revision 2
2024-01-18, 15:26:45 Admin Create Fee Proposal Revision 2
2024-01-18, 15:27:48 engineer3@pcen.com.au Sent an email to Client
2024-01-18, 15:27:51 engineer3@pcen.com.au Sent an email to Client
2024-01-18, 15:29:51 Admin log fee accept file
2024-01-18, 15:30:08 Admin Generate Invoice 401002
2024-01-18, 15:41:36 Admin Generate Invoice 401002
2024-01-18, 15:42:14 Admin Generate Invoice 401002
2024-01-18, 15:44:33 Admin Generate Invoice 401002
2024-01-18, 15:48:29 Admin Generate Invoice 401002
2024-01-18, 15:49:11 Admin Generate Invoice 401002
2024-01-18, 15:49:38 Admin Generate Invoice 401002
2024-01-18, 15:52:47 Admin Generate Invoice 401002
2024-01-18, 16:00:26 Admin Generate Invoice 401002
2024-01-18, 16:01:14 Admin Generate Invoice 401002
2024-01-18, 16:15:19 Admin Generate Invoice 401002
2024-01-18, 16:24:49 Admin Generate Invoice 401002
2024-01-18, 16:26:53 Admin Generate Invoice 401002
2024-01-18, 16:35:01 Admin Generate Invoice 401002
2024-01-18, 16:35:51 Admin Generate Invoice 401002
2024-01-18, 16:37:37 Admin Generate Invoice 401002
2024-01-18, 16:38:16 Admin Generate Invoice 401002
2024-01-18, 16:46:36 Admin Generate Invoice 401001
2024-01-18, 16:57:39 Admin Generate Invoice 401001
2024-01-18, 16:59:27 Felix Generate Invoice 401001
2024-01-18, 17:18:30 Felix Update Asana
2024-01-18, 18:56:37 Felix Update Asana
2024-01-18, 19:04:53 Admin Update Asana
2024-01-19, 14:00:07 Felix Generate Invoice 401001
2024-01-22, 15:57:53 Admin Create Fee Proposal Revision 2
2024-01-22, 15:58:20 Admin Create Fee Proposal Revision 2
2024-01-22, 15:58:37 Admin Create Fee Proposal Revision 2
