2024-04-05, 20:10:43 felix@pcen.com.au Create project from email
2024-04-08, 11:08:25 Engineer1 Finish Set Up
2024-04-08, 11:11:07 Engineer1 Update Asana
2024-04-09, 13:13:33 Felix Create Fee Proposal Revision 1
2024-04-09, 14:15:04 Felix Create Fee Proposal Revision 1
2024-04-09, 14:23:27 Felix Create Fee Proposal Revision 1
2024-04-09, 14:23:53 Felix Update Asana
2024-04-09, 14:25:50 felix@pcen.com.au Sent an email to Client
2024-04-09, 14:35:32 Admin Create Fee Proposal Revision 1
2024-04-11, 12:37:15 Felix Create Fee Proposal Revision 2
2024-04-11, 12:40:18 Felix Create Fee Proposal Revision 2
2024-04-11, 12:41:55 Felix Update Asana
2024-04-11, 12:42:36 Felix Create Fee Proposal Revision 2
2024-04-11, 18:47:20 Felix log fee accept file
2024-04-11, 18:47:50 Felix Update Asana
2024-04-11, 18:48:31 Felix Update Asana
2024-05-01, 17:29:03 Felix Generate Invoice 405110
2024-05-01, 17:30:19 Felix Update Asana
2024-05-01, 18:08:50 Admin Update Asana
2024-05-13, 17:20:27 Felix Generate Invoice 405117
2024-05-13, 17:21:16 Felix Update Asana
