2023-12-15, 19:04:48 admin@pcen.com.au Create project from email
2023-12-15, 19:11:28 Admin Finish Set Up
2023-12-15, 19:11:45 Admin Update Asana
2024-01-18, 12:32:00 Admin Create Fee Proposal Revision 1
2024-01-18, 12:32:32 Admin Create Fee Proposal Revision 1
2024-01-18, 14:49:30 Admin Create Fee Proposal Revision 1
2024-01-18, 17:31:29 Admin Create Fee Proposal Revision 1
2024-01-18, 17:33:30 Felix Create Fee Proposal Revision 1
2024-01-18, 17:34:04 engineer3@pcen.com.au Sent an email to Client
2024-01-18, 17:34:09 engineer3@pcen.com.au Sent an email to Client
2024-01-18, 17:34:25 Felix Update Asana
2024-01-18, 17:35:01 felix@pcen.com.au Sent an email to Client
2024-01-18, 17:35:07 felix@pcen.com.au Sent an email to Client
2024-01-18, 17:35:17 Admin log fee accept file
2024-01-18, 17:35:25 Felix log fee accept file
2024-01-18, 17:35:34 Felix Update Asana
2024-01-18, 17:35:38 Admin Generate Invoice 401002
2024-01-18, 17:42:58 Felix Generate Invoice 401002
2024-01-18, 17:45:23 Felix Update Asana
2024-01-18, 18:49:12 Felix Update Asana
2024-01-18, 18:50:07 Felix Update Asana
