2024-01-16, 15:50:05 felix@pcen.com.au Create project from email
2024-01-22, 16:27:02 Felix Finish Set Up
2024-01-22, 16:27:11 Felix Create Fee Proposal Revision 1
2024-01-22, 16:28:30 Felix Create Fee Proposal Revision 1
2024-01-22, 16:30:57 Felix Create Fee Proposal Revision 1
2024-01-22, 16:35:53 Felix Create Fee Proposal Revision 1
2024-01-22, 16:40:49 Felix Create Fee Proposal Revision 1
2024-01-22, 16:41:52 Felix Update Asana
2024-01-22, 16:41:56 felix@pcen.com.au Sent an email to Client
2024-01-24, 19:27:22 Admin Create Fee Proposal Revision 1
2024-01-24, 19:28:13 Admin Create Fee Proposal Revision 1
2024-02-19, 12:51:43 Felix log fee accept file
2024-02-19, 12:52:17 Felix Update Asana
2024-02-27, 10:54:41 Felix Quote Unsuccessful
2024-02-27, 10:55:42 Felix Update Asana
2024-03-05, 10:03:32 Felix Update Asana
2024-03-05, 10:04:37 Felix Restore Project
2024-03-05, 10:05:26 Felix Update Asana
2024-03-05, 10:06:41 Felix Update Asana
2024-03-27, 12:01:31 Felix Update Asana
2024-04-30, 19:52:28 Felix log fee accept file
2024-04-30, 19:52:42 Felix Update Asana
2024-05-01, 17:38:39 Felix Generate Invoice 405111
2024-05-01, 17:39:15 Felix Update Asana
