2024-02-01, 16:04:05 Admin Finish Set Up
2024-02-01, 16:05:40 Admin Create Fee Proposal Revision 1
2024-02-01, 17:22:13 Felix Create Fee Proposal Revision 1
2024-02-01, 17:23:52 Felix Update Asana
2024-02-01, 17:24:54 Felix Update Asana
2024-02-01, 17:25:24 felix@pcen.com.au Sent an email to Client
2024-02-01, 17:25:25 felix@pcen.com.au Sent an email to Client
2024-02-05, 13:11:05 Felix log fee accept file
2024-02-05, 13:11:44 Felix Update Asana
2024-02-05, 19:07:32 Felix Generate Invoice 402020
2024-02-05, 19:08:08 Felix Generate Invoice 402020
2024-02-05, 19:08:57 Felix Update Asana
2024-02-08, 14:49:52 Admin Update Asana
2024-02-26, 12:29:18 Felix Create Fee Proposal Revision 1
2024-02-26, 12:30:16 Felix Create Fee Proposal Revision 1
2024-02-26, 12:38:39 Felix Create Fee Proposal Revision 1
2024-02-26, 12:39:04 Felix Create Fee Proposal Revision 1
2024-02-26, 12:45:27 felix@pcen.com.au Sent an email to Client
2024-02-26, 12:46:49 Felix Update Asana
2024-02-29, 13:44:14 Felix Generate Invoice 402039
2024-02-29, 13:45:28 Felix Update Asana
2024-02-29, 17:43:16 Felix Update Asana
2024-03-20, 17:53:49 Felix Update Asana
2024-03-21, 18:09:48 Felix Update Asana
2024-03-21, 18:17:22 Felix Update Asana
2024-03-21, 18:23:10 Felix Update Asana
2024-03-25, 17:07:46 Felix Generate Invoice 403072
2024-03-25, 17:08:27 Felix Update Asana
2024-03-28, 14:43:55 Admin Update Asana
2024-03-28, 14:45:53 Admin Update Asana
2024-04-30, 17:36:48 Admin Update Asana
