2024-01-29, 10:01:49 Admin Finish Set Up
2024-01-29, 10:05:59 Admin Create Fee Proposal Revision 1
2024-01-29, 10:06:33 Admin Create Fee Proposal Revision 1
2024-01-29, 10:07:04 Admin Create Fee Proposal Revision 1
2024-01-29, 10:07:55 Admin Create Fee Proposal Revision 1
2024-01-29, 10:11:04 engineer3@pcen.com.au Sent an email to Client
2024-01-29, 10:22:38 Admin log fee accept file
2024-01-29, 10:23:04 Admin Update Asana
2024-01-31, 10:20:25 Felix log fee accept file
2024-01-31, 10:20:47 Felix Update Asana
2024-01-31, 11:11:06 Felix Create Fee Proposal Revision 1
2024-01-31, 11:11:38 Felix Update Asana
2024-01-31, 16:54:28 Felix Generate Invoice 401017
2024-01-31, 16:55:00 Felix Update Asana
2024-02-06, 12:14:43 Felix Generate Invoice 402023
2024-02-06, 12:16:14 Felix Update Asana
2024-02-09, 14:39:32 Felix Quote Unsuccessful
2024-02-09, 14:40:22 Felix Update Asana
2024-02-09, 14:40:45 Felix Restore Project
2024-02-09, 14:41:27 Felix Update Asana
